
=== Thu Apr  7 11:58:41 2022

Packages were changed.
Update Mode: mergeDefaultDependencies

The following packages were added:
  com.unity.collab-proxy@1.15.13
  com.unity.ide.rider@2.0.7
  com.unity.ide.vscode@1.2.5
  com.unity.modules.ai@1.0.0
  com.unity.modules.androidjni@1.0.0
  com.unity.modules.cloth@1.0.0
  com.unity.modules.screencapture@1.0.0
  com.unity.modules.terrain@1.0.0
  com.unity.modules.terrainphysics@1.0.0
  com.unity.modules.uielements@1.0.0
  com.unity.modules.umbra@1.0.0
  com.unity.modules.unityanalytics@1.0.0
  com.unity.modules.vehicles@1.0.0
  com.unity.modules.wind@1.0.0
The following packages were updated:
  com.unity.cinemachine from version 2.6.10 to 2.6.11
  com.unity.ide.visualstudio from version 2.0.11 to 2.0.14
  com.unity.postprocessing from version 3.1.1 to 3.2.1
  com.unity.test-framework from version 1.1.29 to 1.1.31

=== Sat May 14 20:45:40 2022

Packages were changed.
Update Mode: mergeDefaultDependencies

The following packages were added:
  com.unity.2d.animation@3.2.11
  com.unity.2d.pixel-perfect@2.1.0
  com.unity.2d.psdimporter@2.1.8
  com.unity.2d.sprite@1.0.0
  com.unity.2d.spriteshape@3.0.17
  com.unity.2d.tilemap@1.0.0
  com.unity.package-validation-suite@0.23.4-preview
